====================================================================================================
GRID SWEEP: LR x ROT_WEIGHT
====================================================================================================
LR values: [5e-05, 0.0001, 0.0002]
ROT_WEIGHT values: [5, 20, 100, 500]
Epochs per run: 15
Train: flying1, Val: flying2
====================================================================================================

Loading datasets...
Train dataset: 2196 samples
Val dataset: 2654 samples

====================================================================================================
Config: LR=5e-05, ROT_WEIGHT=5
====================================================================================================
Epoch 1/15 | Train: loss_t=1.874795, loss_r=0.000096 | Val: RMSE_t=0.003544m, RMSE_r=0.081090rad
Epoch 5/15 | Train: loss_t=1.864443, loss_r=0.000032 | Val: RMSE_t=0.003549m, RMSE_r=0.013023rad
Epoch 10/15 | Train: loss_t=1.862067, loss_r=0.000023 | Val: RMSE_t=0.003555m, RMSE_r=0.012584rad
Epoch 15/15 | Train: loss_t=1.862330, loss_r=0.000016 | Val: RMSE_t=0.003554m, RMSE_r=0.013556rad
Best val RMSE_t: 0.003544m at epoch 12

====================================================================================================
Config: LR=5e-05, ROT_WEIGHT=20
====================================================================================================
Epoch 1/15 | Train: loss_t=1.872721, loss_r=0.000074 | Val: RMSE_t=0.003547m, RMSE_r=0.016659rad
Epoch 5/15 | Train: loss_t=1.860459, loss_r=0.000015 | Val: RMSE_t=0.003554m, RMSE_r=0.056319rad
Epoch 10/15 | Train: loss_t=1.862325, loss_r=0.000008 | Val: RMSE_t=0.003550m, RMSE_r=0.014186rad
Epoch 15/15 | Train: loss_t=1.859484, loss_r=0.000006 | Val: RMSE_t=0.003551m, RMSE_r=0.011044rad
Best val RMSE_t: 0.003547m at epoch 1

====================================================================================================
Config: LR=5e-05, ROT_WEIGHT=100
====================================================================================================
Epoch 1/15 | Train: loss_t=1.879119, loss_r=0.000088 | Val: RMSE_t=0.003544m, RMSE_r=0.033622rad
