Models loaded
Collected samples: 201
Pred min: [-0.7587705   0.01837622  0.01761398]
Pred max: [-0.7587705   0.01837622  0.01761398]
GT min: [-0.7599093   0.0173959   0.01712137]
GT max: [-0.7599093   0.0173959   0.01712137]
Unique pred rows: 1
Unique gt rows: 1

First 10 preds:
[[-0.7587705   0.01837622  0.01761398]
 [-0.7587705   0.01837622  0.01761398]
 [-0.7587705   0.01837622  0.01761398]
 [-0.7587705   0.01837622  0.01761398]
 [-0.7587705   0.01837622  0.01761398]
 [-0.7587705   0.01837622  0.01761398]
 [-0.7587705   0.01837622  0.01761398]
 [-0.7587705   0.01837622  0.01761398]
 [-0.7587705   0.01837622  0.01761398]
 [-0.7587705   0.01837622  0.01761398]]

First 10 gts:
[[-0.7599093   0.0173959   0.01712137]
 [-0.7599093   0.0173959   0.01712137]
 [-0.7599093   0.0173959   0.01712137]
 [-0.7599093   0.0173959   0.01712137]
 [-0.7599093   0.0173959   0.01712137]
 [-0.7599093   0.0173959   0.01712137]
 [-0.7599093   0.0173959   0.01712137]
 [-0.7599093   0.0173959   0.01712137]
 [-0.7599093   0.0173959   0.01712137]
 [-0.7599093   0.0173959   0.01712137]]
